Copyright 1986-2018 Xilinx, Inc. All Rights Reserved.
-----------------------------------------------------------------------------------------------------------------------------------------------------------------------
| Tool Version : Vivado v.2018.3 (win64) Build 2405991 Thu Dec  6 23:38:27 MST 2018
| Date         : Fri Jan 21 17:28:40 2022
| Host         : LAPTOP-12A2IL26 running 64-bit major release  (build 9200)
| Command      : report_methodology -file accumulator_methodology_drc_routed.rpt -pb accumulator_methodology_drc_routed.pb -rpx accumulator_methodology_drc_routed.rpx
| Design       : accumulator
| Device       : xc7a100tcsg324-1
| Speed File   : -1
| Design State : Fully Routed
-----------------------------------------------------------------------------------------------------------------------------------------------------------------------

Report Methodology

Table of Contents
-----------------
1. REPORT SUMMARY
2. REPORT DETAILS

1. REPORT SUMMARY
-----------------
            Netlist: netlist
          Floorplan: design_1
      Design limits: <entire design considered>
             Max violations: <unlimited>
             Violations found: 10
+-----------+----------+-------------------------------+------------+
| Rule      | Severity | Description                   | Violations |
+-----------+----------+-------------------------------+------------+
| TIMING-18 | Warning  | Missing input or output delay | 10         |
+-----------+----------+-------------------------------+------------+

2. REPORT DETAILS
-----------------
TIMING-18#1 Warning
Missing input or output delay  
An input delay is missing on in[0] relative to clock(s) clk
Related violations: <none>

TIMING-18#2 Warning
Missing input or output delay  
An input delay is missing on in[1] relative to clock(s) clk
Related violations: <none>

TIMING-18#3 Warning
Missing input or output delay  
An input delay is missing on in[2] relative to clock(s) clk
Related violations: <none>

TIMING-18#4 Warning
Missing input or output delay  
An input delay is missing on in[3] relative to clock(s) clk
Related violations: <none>

TIMING-18#5 Warning
Missing input or output delay  
An input delay is missing on rst relative to clock(s) clk
Related violations: <none>

TIMING-18#6 Warning
Missing input or output delay  
An output delay is missing on acc[0] relative to clock(s) clk
Related violations: <none>

TIMING-18#7 Warning
Missing input or output delay  
An output delay is missing on acc[1] relative to clock(s) clk
Related violations: <none>

TIMING-18#8 Warning
Missing input or output delay  
An output delay is missing on acc[2] relative to clock(s) clk
Related violations: <none>

TIMING-18#9 Warning
Missing input or output delay  
An output delay is missing on acc[3] relative to clock(s) clk
Related violations: <none>

TIMING-18#10 Warning
Missing input or output delay  
An output delay is missing on acc[4] relative to clock(s) clk
Related violations: <none>


